[INFO] Scanning for projects...
[INFO] 
[INFO] --------------------------< com.example:demo >--------------------------
[INFO] Building personallifetracker 0.0.1-SNAPSHOT
[INFO]   from pom.xml
[INFO] --------------------------------[ jar ]---------------------------------
[INFO] 
[INFO] >>> spring-boot:3.2.4:run (default-cli) > test-compile @ demo >>>
[INFO] 
[INFO] --- resources:3.3.1:resources (default-resources) @ demo ---
[INFO] Copying 1 resource from src/main/resources to target/classes
[INFO] Copying 0 resource from src/main/resources to target/classes
[INFO] 
[INFO] --- compiler:3.11.0:compile (default-compile) @ demo ---
[INFO] Nothing to compile - all classes are up to date
[INFO] 
[INFO] --- resources:3.3.1:testResources (default-testResources) @ demo ---
[INFO] skip non existing resourceDirectory /home/anandth07/.zenflow/worktrees/new-task-c6c6/backend/src/test/resources
[INFO] 
[INFO] --- compiler:3.11.0:testCompile (default-testCompile) @ demo ---
[INFO] Nothing to compile - all classes are up to date
[INFO] 
[INFO] <<< spring-boot:3.2.4:run (default-cli) < test-compile @ demo <<<
[INFO] 
[INFO] 
[INFO] --- spring-boot:3.2.4:run (default-cli) @ demo ---
[INFO] Attaching agents: []

  .   ____          _            __ _ _
 /\\ / ___'_ __ _ _(_)_ __  __ _ \ \ \ \
( ( )\___ | '_ | '_| | '_ \/ _` | \ \ \ \
 \\/  ___)| |_)| | | | | || (_| |  ) ) ) )
  '  |____| .__|_| |_|_| |_\__, | / / / /
 =========|_|==============|___/=/_/_/_/
 :: Spring Boot ::                (v3.2.4)

2026-03-27T23:04:38.735+05:30  INFO 198458 --- [personallifetracker] [           main] c.p.PersonallifetrackerApplication       : Starting PersonallifetrackerApplication using Java 21.0.9 with PID 198458 (/home/anandth07/.zenflow/worktrees/new-task-c6c6/backend/target/classes started by anandth07 in /home/anandth07/.zenflow/worktrees/new-task-c6c6/backend)
2026-03-27T23:04:38.738+05:30  INFO 198458 --- [personallifetracker] [           main] c.p.PersonallifetrackerApplication       : No active profile set, falling back to 1 default profile: "default"
2026-03-27T23:04:39.990+05:30  INFO 198458 --- [personallifetracker] [           main] .s.d.r.c.RepositoryConfigurationDelegate : Bootstrapping Spring Data JPA repositories in DEFAULT mode.
2026-03-27T23:04:40.144+05:30  INFO 198458 --- [personallifetracker] [           main] .s.d.r.c.RepositoryConfigurationDelegate : Finished Spring Data repository scanning in 143 ms. Found 9 JPA repository interfaces.
2026-03-27T23:04:41.170+05:30  INFO 198458 --- [personallifetracker] [           main] o.s.b.w.embedded.tomcat.TomcatWebServer  : Tomcat initialized with port 8080 (http)
2026-03-27T23:04:41.190+05:30  INFO 198458 --- [personallifetracker] [           main] o.apache.catalina.core.StandardService   : Starting service [Tomcat]
2026-03-27T23:04:41.190+05:30  INFO 198458 --- [personallifetracker] [           main] o.apache.catalina.core.StandardEngine    : Starting Servlet engine: [Apache Tomcat/10.1.19]
2026-03-27T23:04:41.284+05:30  INFO 198458 --- [personallifetracker] [           main] o.a.c.c.C.[Tomcat].[localhost].[/]       : Initializing Spring embedded WebApplicationContext
2026-03-27T23:04:41.286+05:30  INFO 198458 --- [personallifetracker] [           main] w.s.c.ServletWebServerApplicationContext : Root WebApplicationContext: initialization completed in 2484 ms
2026-03-27T23:04:41.621+05:30  INFO 198458 --- [personallifetracker] [           main] o.hibernate.jpa.internal.util.LogHelper  : HHH000204: Processing PersistenceUnitInfo [name: default]
2026-03-27T23:04:41.693+05:30  INFO 198458 --- [personallifetracker] [           main] org.hibernate.Version                    : HHH000412: Hibernate ORM core version 6.4.4.Final
2026-03-27T23:04:41.736+05:30  INFO 198458 --- [personallifetracker] [           main] o.h.c.internal.RegionFactoryInitiator    : HHH000026: Second-level cache disabled
2026-03-27T23:04:42.064+05:30  INFO 198458 --- [personallifetracker] [           main] o.s.o.j.p.SpringPersistenceUnitInfo      : No LoadTimeWeaver setup: ignoring JPA class transformer
2026-03-27T23:04:42.104+05:30  INFO 198458 --- [personallifetracker] [           main] com.zaxxer.hikari.HikariDataSource       : HikariPool-1 - Starting...
2026-03-27T23:04:42.587+05:30  INFO 198458 --- [personallifetracker] [           main] com.zaxxer.hikari.pool.HikariPool        : HikariPool-1 - Added connection org.postgresql.jdbc.PgConnection@75d97e18
2026-03-27T23:04:42.589+05:30  INFO 198458 --- [personallifetracker] [           main] com.zaxxer.hikari.HikariDataSource       : HikariPool-1 - Start completed.
2026-03-27T23:04:44.303+05:30  INFO 198458 --- [personallifetracker] [           main] o.h.e.t.j.p.i.JtaPlatformInitiator       : HHH000489: No JTA platform available (set 'hibernate.transaction.jta.platform' to enable JTA platform integration)
2026-03-27T23:04:44.635+05:30  INFO 198458 --- [personallifetracker] [           main] j.LocalContainerEntityManagerFactoryBean : Initialized JPA EntityManagerFactory for persistence unit 'default'
2026-03-27T23:04:45.728+05:30  INFO 198458 --- [personallifetracker] [           main] o.s.d.j.r.query.QueryEnhancerFactory     : Hibernate is in classpath; If applicable, HQL parser will be used.
2026-03-27T23:04:48.238+05:30  INFO 198458 --- [personallifetracker] [           main] o.s.s.web.DefaultSecurityFilterChain     : Will secure any request with [org.springframework.security.web.session.DisableEncodeUrlFilter@34883fa2, org.springframework.security.web.context.request.async.WebAsyncManagerIntegrationFilter@20a1c8a1, org.springframework.security.web.context.SecurityContextHolderFilter@69765d94, org.springframework.security.web.header.HeaderWriterFilter@6d49bd08, org.springframework.web.filter.CorsFilter@1ecf19e8, org.springframework.security.web.authentication.logout.LogoutFilter@42017162, org.springframework.security.oauth2.client.web.OAuth2AuthorizationRequestRedirectFilter@39c78cf9, org.springframework.security.oauth2.client.web.OAuth2LoginAuthenticationFilter@6ddf3c5e, com.personallifetracker.security.JwtAuthenticationFilter@28ffa527, org.springframework.security.web.savedrequest.RequestCacheAwareFilter@44a1e5d2, org.springframework.security.web.servletapi.SecurityContextHolderAwareRequestFilter@48adb967, org.springframework.security.web.authentication.AnonymousAuthenticationFilter@11d1c51a, org.springframework.security.web.session.SessionManagementFilter@31475919, org.springframework.security.web.access.ExceptionTranslationFilter@6a4859fc, org.springframework.security.web.access.intercept.AuthorizationFilter@5e5d41dc]
2026-03-27T23:04:48.748+05:30  WARN 198458 --- [personallifetracker] [           main] ConfigServletWebServerApplicationContext : Exception encountered during context initialization - cancelling refresh attempt: org.springframework.context.ApplicationContextException: Failed to start bean 'webServerStartStop'
2026-03-27T23:04:48.756+05:30  INFO 198458 --- [personallifetracker] [           main] j.LocalContainerEntityManagerFactoryBean : Closing JPA EntityManagerFactory for persistence unit 'default'
2026-03-27T23:04:48.759+05:30  INFO 198458 --- [personallifetracker] [           main] com.zaxxer.hikari.HikariDataSource       : HikariPool-1 - Shutdown initiated...
2026-03-27T23:04:48.773+05:30  INFO 198458 --- [personallifetracker] [           main] com.zaxxer.hikari.HikariDataSource       : HikariPool-1 - Shutdown completed.
2026-03-27T23:04:48.798+05:30  INFO 198458 --- [personallifetracker] [           main] .s.b.a.l.ConditionEvaluationReportLogger : 

Error starting ApplicationContext. To display the condition evaluation report re-run your application with 'debug' enabled.
2026-03-27T23:04:48.825+05:30 ERROR 198458 --- [personallifetracker] [           main] o.s.b.d.LoggingFailureAnalysisReporter   : 

***************************
APPLICATION FAILED TO START
***************************

Description:

Web server failed to start. Port 8080 was already in use.

Action:

Identify and stop the process that's listening on port 8080 or configure this application to listen on another port.

[INFO] ------------------------------------------------------------------------
[INFO] BUILD FAILURE
[INFO] ------------------------------------------------------------------------
[INFO] Total time:  13.544 s
[INFO] Finished at: 2026-03-27T23:04:48+05:30
[INFO] ------------------------------------------------------------------------
[ERROR] Failed to execute goal org.springframework.boot:spring-boot-maven-plugin:3.2.4:run (default-cli) on project demo: Process terminated with exit code: 1 -> [Help 1]
[ERROR] 
[ERROR] To see the full stack trace of the errors, re-run Maven with the -e switch.
[ERROR] Re-run Maven using the -X switch to enable full debug logging.
[ERROR] 
[ERROR] For more information about the errors and possible solutions, please read the following articles:
[ERROR] [Help 1] http://cwiki.apache.org/confluence/display/MAVEN/MojoExecutionException
