[INFO] Scanning for projects...
[INFO] 
[INFO] --------------------------< com.example:demo >--------------------------
[INFO] Building personallifetracker 0.0.1-SNAPSHOT
[INFO]   from pom.xml
[INFO] --------------------------------[ jar ]---------------------------------
[INFO] 
[INFO] >>> spring-boot:3.2.4:run (default-cli) > test-compile @ demo >>>
[INFO] 
[INFO] --- resources:3.3.1:resources (default-resources) @ demo ---
[INFO] Copying 1 resource from src/main/resources to target/classes
[INFO] Copying 0 resource from src/main/resources to target/classes
[INFO] 
[INFO] --- compiler:3.11.0:compile (default-compile) @ demo ---
[INFO] Nothing to compile - all classes are up to date
[INFO] 
[INFO] --- resources:3.3.1:testResources (default-testResources) @ demo ---
[INFO] skip non existing resourceDirectory /home/anandth07/Music/Personal-dashboard-main/backend/src/test/resources
[INFO] 
[INFO] --- compiler:3.11.0:testCompile (default-testCompile) @ demo ---
[INFO] Nothing to compile - all classes are up to date
[INFO] 
[INFO] <<< spring-boot:3.2.4:run (default-cli) < test-compile @ demo <<<
[INFO] 
[INFO] 
[INFO] --- spring-boot:3.2.4:run (default-cli) @ demo ---
[INFO] Attaching agents: []

  .   ____          _            __ _ _
 /\\ / ___'_ __ _ _(_)_ __  __ _ \ \ \ \
( ( )\___ | '_ | '_| | '_ \/ _` | \ \ \ \
 \\/  ___)| |_)| | | | | || (_| |  ) ) ) )
  '  |____| .__|_| |_|_| |_\__, | / / / /
 =========|_|==============|___/=/_/_/_/
 :: Spring Boot ::                (v3.2.4)

2026-04-20T09:22:32.513+05:30  INFO 140298 --- [personallifetracker] [           main] c.p.PersonallifetrackerApplication       : Starting PersonallifetrackerApplication using Java 21.0.9 with PID 140298 (/home/anandth07/Music/Personal-dashboard-main/backend/target/classes started by anandth07 in /home/anandth07/Music/Personal-dashboard-main/backend)
2026-04-20T09:22:32.519+05:30  INFO 140298 --- [personallifetracker] [           main] c.p.PersonallifetrackerApplication       : No active profile set, falling back to 1 default profile: "default"
2026-04-20T09:22:35.152+05:30  INFO 140298 --- [personallifetracker] [           main] o.s.b.w.embedded.tomcat.TomcatWebServer  : Tomcat initialized with port 8080 (http)
2026-04-20T09:22:35.189+05:30  INFO 140298 --- [personallifetracker] [           main] o.apache.catalina.core.StandardService   : Starting service [Tomcat]
2026-04-20T09:22:35.190+05:30  INFO 140298 --- [personallifetracker] [           main] o.apache.catalina.core.StandardEngine    : Starting Servlet engine: [Apache Tomcat/10.1.19]
2026-04-20T09:22:35.332+05:30  INFO 140298 --- [personallifetracker] [           main] o.a.c.c.C.[Tomcat].[localhost].[/]       : Initializing Spring embedded WebApplicationContext
2026-04-20T09:22:35.336+05:30  INFO 140298 --- [personallifetracker] [           main] w.s.c.ServletWebServerApplicationContext : Root WebApplicationContext: initialization completed in 2687 ms
2026-04-20T09:22:36.656+05:30  INFO 140298 --- [personallifetracker] [           main] o.s.s.web.DefaultSecurityFilterChain     : Will secure any request with [org.springframework.security.web.session.DisableEncodeUrlFilter@7ef8eda7, org.springframework.security.web.context.request.async.WebAsyncManagerIntegrationFilter@115ca7de, org.springframework.security.web.context.SecurityContextHolderFilter@79eeff87, org.springframework.security.web.header.HeaderWriterFilter@3b2e5c0d, org.springframework.web.filter.CorsFilter@29fe4840, org.springframework.security.web.authentication.logout.LogoutFilter@488f3dd1, org.springframework.security.oauth2.client.web.OAuth2AuthorizationRequestRedirectFilter@7ccfdaef, org.springframework.security.oauth2.client.web.OAuth2LoginAuthenticationFilter@19bedeb8, com.personallifetracker.security.JwtAuthenticationFilter@74ecacc3, org.springframework.security.web.authentication.ui.DefaultLoginPageGeneratingFilter@e91b4f4, org.springframework.security.web.authentication.ui.DefaultLogoutPageGeneratingFilter@7f287b98, org.springframework.security.web.savedrequest.RequestCacheAwareFilter@8bd076a, org.springframework.security.web.servletapi.SecurityContextHolderAwareRequestFilter@1de4285e, org.springframework.security.web.authentication.AnonymousAuthenticationFilter@4684240f, org.springframework.security.web.session.SessionManagementFilter@5438c17a, org.springframework.security.web.access.ExceptionTranslationFilter@f25f48a, org.springframework.security.web.access.intercept.AuthorizationFilter@7c0f28f8]
2026-04-20T09:22:36.958+05:30  INFO 140298 --- [personallifetracker] [           main] o.s.b.w.embedded.tomcat.TomcatWebServer  : Tomcat started on port 8080 (http) with context path ''
2026-04-20T09:22:36.975+05:30  INFO 140298 --- [personallifetracker] [           main] c.p.PersonallifetrackerApplication       : Started PersonallifetrackerApplication in 5.544 seconds (process running for 6.483)
2026-04-20T09:22:41.743+05:30  INFO 140298 --- [personallifetracker] [nio-8080-exec-1] o.a.c.c.C.[Tomcat].[localhost].[/]       : Initializing Spring DispatcherServlet 'dispatcherServlet'
2026-04-20T09:22:41.744+05:30  INFO 140298 --- [personallifetracker] [nio-8080-exec-1] o.s.web.servlet.DispatcherServlet        : Initializing Servlet 'dispatcherServlet'
2026-04-20T09:22:41.747+05:30  INFO 140298 --- [personallifetracker] [nio-8080-exec-1] o.s.web.servlet.DispatcherServlet        : Completed initialization in 3 ms
